The operation couldn’t be completed. Unable to locate a Java Runtime.
Please visit http://www.java.com for information on installing Java.

[INFO] Scanning for projects...
[INFO] 
[INFO] ----------------------< com.example:auth-service >----------------------
[INFO] Building auth-service 0.0.1-SNAPSHOT
[INFO]   from pom.xml
[INFO] --------------------------------[ jar ]---------------------------------
[INFO] 
[INFO] >>> spring-boot:3.5.10:run (default-cli) > test-compile @ auth-service >>>
[INFO] 
[INFO] --- resources:3.3.1:resources (default-resources) @ auth-service ---
[INFO] Copying 1 resource from src/main/resources to target/classes
[INFO] Copying 0 resource from src/main/resources to target/classes
[INFO] 
[INFO] --- compiler:3.14.1:compile (default-compile) @ auth-service ---
[INFO] Nothing to compile - all classes are up to date.
[INFO] 
[INFO] --- resources:3.3.1:testResources (default-testResources) @ auth-service ---
[INFO] skip non existing resourceDirectory /Users/anass/Documents/microservice_sprotif/services/auth-service/src/test/resources
[INFO] 
[INFO] --- compiler:3.14.1:testCompile (default-testCompile) @ auth-service ---
[INFO] No sources to compile
[INFO] 
[INFO] <<< spring-boot:3.5.10:run (default-cli) < test-compile @ auth-service <<<
[INFO] 
[INFO] 
[INFO] --- spring-boot:3.5.10:run (default-cli) @ auth-service ---
[INFO] Attaching agents: []

  .   ____          _            __ _ _
 /\\ / ___'_ __ _ _(_)_ __  __ _ \ \ \ \
( ( )\___ | '_ | '_| | '_ \/ _` | \ \ \ \
 \\/  ___)| |_)| | | | | || (_| |  ) ) ) )
  '  |____| .__|_| |_|_| |_\__, | / / / /
 =========|_|==============|___/=/_/_/_/

 :: Spring Boot ::               (v3.5.10)

2026-02-10T21:06:09.499+01:00  INFO 39567 --- [           main] c.e.authservice.AuthServiceApplication   : Starting AuthServiceApplication using Java 17.0.17 with PID 39567 (/Users/anass/Documents/microservice_sprotif/services/auth-service/target/classes started by anass in /Users/anass/Documents/microservice_sprotif/services/auth-service)
2026-02-10T21:06:09.500+01:00  INFO 39567 --- [           main] c.e.authservice.AuthServiceApplication   : No active profile set, falling back to 1 default profile: "default"
2026-02-10T21:06:09.708+01:00  INFO 39567 --- [           main] .s.d.r.c.RepositoryConfigurationDelegate : Bootstrapping Spring Data JPA repositories in DEFAULT mode.
2026-02-10T21:06:09.726+01:00  INFO 39567 --- [           main] .s.d.r.c.RepositoryConfigurationDelegate : Finished Spring Data repository scanning in 15 ms. Found 2 JPA repository interfaces.
2026-02-10T21:06:09.908+01:00  INFO 39567 --- [           main] o.s.b.w.embedded.tomcat.TomcatWebServer  : Tomcat initialized with port 8082 (http)
2026-02-10T21:06:09.912+01:00  INFO 39567 --- [           main] o.apache.catalina.core.StandardService   : Starting service [Tomcat]
2026-02-10T21:06:09.912+01:00  INFO 39567 --- [           main] o.apache.catalina.core.StandardEngine    : Starting Servlet engine: [Apache Tomcat/10.1.50]
2026-02-10T21:06:09.927+01:00  INFO 39567 --- [           main] o.a.c.c.C.[Tomcat].[localhost].[/]       : Initializing Spring embedded WebApplicationContext
2026-02-10T21:06:09.927+01:00  INFO 39567 --- [           main] w.s.c.ServletWebServerApplicationContext : Root WebApplicationContext: initialization completed in 413 ms
2026-02-10T21:06:09.968+01:00  INFO 39567 --- [           main] o.hibernate.jpa.internal.util.LogHelper  : HHH000204: Processing PersistenceUnitInfo [name: default]
2026-02-10T21:06:09.984+01:00  INFO 39567 --- [           main] org.hibernate.Version                    : HHH000412: Hibernate ORM core version 6.6.41.Final
2026-02-10T21:06:09.994+01:00  INFO 39567 --- [           main] o.h.c.internal.RegionFactoryInitiator    : HHH000026: Second-level cache disabled
2026-02-10T21:06:10.072+01:00  INFO 39567 --- [           main] o.s.o.j.p.SpringPersistenceUnitInfo      : No LoadTimeWeaver setup: ignoring JPA class transformer
2026-02-10T21:06:10.081+01:00  INFO 39567 --- [           main] com.zaxxer.hikari.HikariDataSource       : HikariPool-1 - Starting...
2026-02-10T21:06:10.138+01:00  INFO 39567 --- [           main] com.zaxxer.hikari.pool.HikariPool        : HikariPool-1 - Added connection org.postgresql.jdbc.PgConnection@77b71c9
2026-02-10T21:06:10.138+01:00  INFO 39567 --- [           main] com.zaxxer.hikari.HikariDataSource       : HikariPool-1 - Start completed.
2026-02-10T21:06:10.148+01:00  WARN 39567 --- [           main] org.hibernate.orm.deprecation            : HHH90000025: PostgreSQLDialect does not need to be specified explicitly using 'hibernate.dialect' (remove the property setting and it will be selected by default)
2026-02-10T21:06:10.154+01:00  INFO 39567 --- [           main] org.hibernate.orm.connections.pooling    : HHH10001005: Database info:
	Database JDBC URL [Connecting through datasource 'HikariDataSource (HikariPool-1)']
	Database driver: undefined/unknown
	Database version: 18.0
	Autocommit mode: undefined/unknown
	Isolation level: undefined/unknown
	Minimum pool size: undefined/unknown
	Maximum pool size: undefined/unknown
2026-02-10T21:06:10.422+01:00  INFO 39567 --- [           main] o.h.e.t.j.p.i.JtaPlatformInitiator       : HHH000489: No JTA platform available (set 'hibernate.transaction.jta.platform' to enable JTA platform integration)
2026-02-10T21:06:10.463+01:00  INFO 39567 --- [           main] j.LocalContainerEntityManagerFactoryBean : Initialized JPA EntityManagerFactory for persistence unit 'default'
2026-02-10T21:06:10.597+01:00  INFO 39567 --- [           main] r$InitializeUserDetailsManagerConfigurer : Global AuthenticationManager configured with UserDetailsService bean with name customUserDetailsService
2026-02-10T21:06:10.625+01:00  WARN 39567 --- [           main] JpaBaseConfiguration$JpaWebConfiguration : spring.jpa.open-in-view is enabled by default. Therefore, database queries may be performed during view rendering. Explicitly configure spring.jpa.open-in-view to disable this warning
2026-02-10T21:06:10.840+01:00  INFO 39567 --- [           main] o.s.b.w.embedded.tomcat.TomcatWebServer  : Tomcat started on port 8082 (http) with context path '/'
2026-02-10T21:06:10.844+01:00  INFO 39567 --- [           main] c.e.authservice.AuthServiceApplication   : Started AuthServiceApplication in 1.465 seconds (process running for 1.564)
2026-02-10T21:06:34.479+01:00  INFO 39567 --- [nio-8082-exec-1] o.a.c.c.C.[Tomcat].[localhost].[/]       : Initializing Spring DispatcherServlet 'dispatcherServlet'
2026-02-10T21:06:34.479+01:00  INFO 39567 --- [nio-8082-exec-1] o.s.web.servlet.DispatcherServlet        : Initializing Servlet 'dispatcherServlet'
2026-02-10T21:06:34.480+01:00  INFO 39567 --- [nio-8082-exec-1] o.s.web.servlet.DispatcherServlet        : Completed initialization in 1 ms
2026-02-11T01:41:34.877+01:00  WARN 39567 --- [l-1:housekeeper] com.zaxxer.hikari.pool.PoolBase          : HikariPool-1 - Failed to validate connection org.postgresql.jdbc.PgConnection@7bebaf83 (This connection has been closed.). Possibly consider using a shorter maxLifetime value.
2026-02-11T01:41:36.108+01:00  WARN 39567 --- [l-1:housekeeper] com.zaxxer.hikari.pool.PoolBase          : HikariPool-1 - Failed to validate connection org.postgresql.jdbc.PgConnection@6a926a59 (This connection has been closed.). Possibly consider using a shorter maxLifetime value.
2026-02-11T01:41:36.984+01:00  INFO 39567 --- [ionShutdownHook] o.s.b.w.e.tomcat.GracefulShutdown        : Commencing graceful shutdown. Waiting for active requests to complete
2026-02-11T01:41:36.999+01:00  INFO 39567 --- [tomcat-shutdown] o.s.b.w.e.tomcat.GracefulShutdown        : Graceful shutdown complete
2026-02-11T01:41:37.020+01:00  INFO 39567 --- [ionShutdownHook] j.LocalContainerEntityManagerFactoryBean : Closing JPA EntityManagerFactory for persistence unit 'default'
2026-02-11T01:41:37.036+01:00  INFO 39567 --- [ionShutdownHook] com.zaxxer.hikari.HikariDataSource       : HikariPool-1 - Shutdown initiated...
2026-02-11T01:41:37.476+01:00  INFO 39567 --- [ionShutdownHook] com.zaxxer.hikari.HikariDataSource       : HikariPool-1 - Shutdown completed.
