The operation couldn’t be completed. Unable to locate a Java Runtime.
Please visit http://www.java.com for information on installing Java.

[INFO] Scanning for projects...
[INFO] 
[INFO] ----------------------< com.example:user-service >----------------------
[INFO] Building user-service 0.0.1-SNAPSHOT
[INFO]   from pom.xml
[INFO] --------------------------------[ jar ]---------------------------------
[INFO] 
[INFO] >>> spring-boot:3.5.10:run (default-cli) > test-compile @ user-service >>>
[INFO] 
[INFO] --- resources:3.3.1:resources (default-resources) @ user-service ---
[INFO] Copying 1 resource from src/main/resources to target/classes
[INFO] Copying 0 resource from src/main/resources to target/classes
[INFO] 
[INFO] --- compiler:3.14.1:compile (default-compile) @ user-service ---
[INFO] Nothing to compile - all classes are up to date.
[INFO] 
[INFO] --- resources:3.3.1:testResources (default-testResources) @ user-service ---
[INFO] skip non existing resourceDirectory /Users/anass/Documents/microservice_sprotif/services/user-service/src/test/resources
[INFO] 
[INFO] --- compiler:3.14.1:testCompile (default-testCompile) @ user-service ---
[INFO] No sources to compile
[INFO] 
[INFO] <<< spring-boot:3.5.10:run (default-cli) < test-compile @ user-service <<<
[INFO] 
[INFO] 
[INFO] --- spring-boot:3.5.10:run (default-cli) @ user-service ---
[INFO] Attaching agents: []

  .   ____          _            __ _ _
 /\\ / ___'_ __ _ _(_)_ __  __ _ \ \ \ \
( ( )\___ | '_ | '_| | '_ \/ _` | \ \ \ \
 \\/  ___)| |_)| | | | | || (_| |  ) ) ) )
  '  |____| .__|_| |_|_| |_\__, | / / / /
 =========|_|==============|___/=/_/_/_/

 :: Spring Boot ::               (v3.5.10)

2026-02-10T21:05:24.536+01:00  INFO 38334 --- [           main] c.e.userservice.UserServiceApplication   : Starting UserServiceApplication using Java 17.0.17 with PID 38334 (/Users/anass/Documents/microservice_sprotif/services/user-service/target/classes started by anass in /Users/anass/Documents/microservice_sprotif/services/user-service)
2026-02-10T21:05:24.536+01:00  INFO 38334 --- [           main] c.e.userservice.UserServiceApplication   : No active profile set, falling back to 1 default profile: "default"
2026-02-10T21:05:24.741+01:00  INFO 38334 --- [           main] .s.d.r.c.RepositoryConfigurationDelegate : Bootstrapping Spring Data JPA repositories in DEFAULT mode.
2026-02-10T21:05:24.759+01:00  INFO 38334 --- [           main] .s.d.r.c.RepositoryConfigurationDelegate : Finished Spring Data repository scanning in 15 ms. Found 2 JPA repository interfaces.
2026-02-10T21:05:24.934+01:00  INFO 38334 --- [           main] o.s.b.w.embedded.tomcat.TomcatWebServer  : Tomcat initialized with port 8083 (http)
2026-02-10T21:05:24.942+01:00  INFO 38334 --- [           main] o.apache.catalina.core.StandardService   : Starting service [Tomcat]
2026-02-10T21:05:24.942+01:00  INFO 38334 --- [           main] o.apache.catalina.core.StandardEngine    : Starting Servlet engine: [Apache Tomcat/10.1.50]
2026-02-10T21:05:24.959+01:00  INFO 38334 --- [           main] o.a.c.c.C.[Tomcat].[localhost].[/]       : Initializing Spring embedded WebApplicationContext
2026-02-10T21:05:24.959+01:00  INFO 38334 --- [           main] w.s.c.ServletWebServerApplicationContext : Root WebApplicationContext: initialization completed in 409 ms
2026-02-10T21:05:25.028+01:00  INFO 38334 --- [           main] o.hibernate.jpa.internal.util.LogHelper  : HHH000204: Processing PersistenceUnitInfo [name: default]
2026-02-10T21:05:25.043+01:00  INFO 38334 --- [           main] org.hibernate.Version                    : HHH000412: Hibernate ORM core version 6.6.41.Final
2026-02-10T21:05:25.052+01:00  INFO 38334 --- [           main] o.h.c.internal.RegionFactoryInitiator    : HHH000026: Second-level cache disabled
2026-02-10T21:05:25.127+01:00  INFO 38334 --- [           main] o.s.o.j.p.SpringPersistenceUnitInfo      : No LoadTimeWeaver setup: ignoring JPA class transformer
2026-02-10T21:05:25.135+01:00  INFO 38334 --- [           main] com.zaxxer.hikari.HikariDataSource       : HikariPool-1 - Starting...
2026-02-10T21:05:25.193+01:00  INFO 38334 --- [           main] com.zaxxer.hikari.pool.HikariPool        : HikariPool-1 - Added connection org.postgresql.jdbc.PgConnection@4b691611
2026-02-10T21:05:25.193+01:00  INFO 38334 --- [           main] com.zaxxer.hikari.HikariDataSource       : HikariPool-1 - Start completed.
2026-02-10T21:05:25.205+01:00  WARN 38334 --- [           main] org.hibernate.orm.deprecation            : HHH90000025: PostgreSQLDialect does not need to be specified explicitly using 'hibernate.dialect' (remove the property setting and it will be selected by default)
2026-02-10T21:05:25.211+01:00  INFO 38334 --- [           main] org.hibernate.orm.connections.pooling    : HHH10001005: Database info:
	Database JDBC URL [Connecting through datasource 'HikariDataSource (HikariPool-1)']
	Database driver: undefined/unknown
	Database version: 18.0
	Autocommit mode: undefined/unknown
	Isolation level: undefined/unknown
	Minimum pool size: undefined/unknown
	Maximum pool size: undefined/unknown
2026-02-10T21:05:25.492+01:00  INFO 38334 --- [           main] o.h.e.t.j.p.i.JtaPlatformInitiator       : HHH000489: No JTA platform available (set 'hibernate.transaction.jta.platform' to enable JTA platform integration)
2026-02-10T21:05:25.535+01:00  INFO 38334 --- [           main] j.LocalContainerEntityManagerFactoryBean : Initialized JPA EntityManagerFactory for persistence unit 'default'
2026-02-10T21:05:25.666+01:00  WARN 38334 --- [           main] JpaBaseConfiguration$JpaWebConfiguration : spring.jpa.open-in-view is enabled by default. Therefore, database queries may be performed during view rendering. Explicitly configure spring.jpa.open-in-view to disable this warning
2026-02-10T21:05:25.765+01:00  WARN 38334 --- [           main] .s.s.UserDetailsServiceAutoConfiguration : 

Using generated security password: a0dade6d-2714-4963-a336-f4e66fbd1d01

This generated password is for development use only. Your security configuration must be updated before running your application in production.

2026-02-10T21:05:25.768+01:00  INFO 38334 --- [           main] r$InitializeUserDetailsManagerConfigurer : Global AuthenticationManager configured with UserDetailsService bean with name inMemoryUserDetailsManager
2026-02-10T21:05:25.900+01:00  INFO 38334 --- [           main] o.s.b.w.embedded.tomcat.TomcatWebServer  : Tomcat started on port 8083 (http) with context path '/'
2026-02-10T21:05:25.904+01:00  INFO 38334 --- [           main] c.e.userservice.UserServiceApplication   : Started UserServiceApplication in 1.482 seconds (process running for 1.579)
2026-02-10T21:06:34.563+01:00  INFO 38334 --- [nio-8083-exec-1] o.a.c.c.C.[Tomcat].[localhost].[/]       : Initializing Spring DispatcherServlet 'dispatcherServlet'
2026-02-10T21:06:34.563+01:00  INFO 38334 --- [nio-8083-exec-1] o.s.web.servlet.DispatcherServlet        : Initializing Servlet 'dispatcherServlet'
2026-02-10T21:06:34.566+01:00  INFO 38334 --- [nio-8083-exec-1] o.s.web.servlet.DispatcherServlet        : Completed initialization in 3 ms
2026-02-11T01:41:35.133+01:00  WARN 38334 --- [l-1:housekeeper] com.zaxxer.hikari.pool.PoolBase          : HikariPool-1 - Failed to validate connection org.postgresql.jdbc.PgConnection@5128d177 (This connection has been closed.). Possibly consider using a shorter maxLifetime value.
2026-02-11T01:41:36.986+01:00  INFO 38334 --- [ionShutdownHook] o.s.b.w.e.tomcat.GracefulShutdown        : Commencing graceful shutdown. Waiting for active requests to complete
2026-02-11T01:41:37.001+01:00  INFO 38334 --- [tomcat-shutdown] o.s.b.w.e.tomcat.GracefulShutdown        : Graceful shutdown complete
2026-02-11T01:41:37.023+01:00  INFO 38334 --- [ionShutdownHook] j.LocalContainerEntityManagerFactoryBean : Closing JPA EntityManagerFactory for persistence unit 'default'
2026-02-11T01:41:37.047+01:00  INFO 38334 --- [ionShutdownHook] com.zaxxer.hikari.HikariDataSource       : HikariPool-1 - Shutdown initiated...
2026-02-11T01:41:37.727+01:00  INFO 38334 --- [ionShutdownHook] com.zaxxer.hikari.HikariDataSource       : HikariPool-1 - Shutdown completed.
