[INFO] Scanning for projects...
[INFO] 
[INFO] ---------------------< com.sprotif:config-server >----------------------
[INFO] Building Config Server 3.5.10
[INFO]   from pom.xml
[INFO] --------------------------------[ jar ]---------------------------------
[INFO] 
[INFO] >>> spring-boot:3.5.10:run (default-cli) > test-compile @ config-server >>>
[INFO] 
[INFO] --- resources:3.3.1:resources (default-resources) @ config-server ---
[INFO] Copying 1 resource from src/main/resources to target/classes
[INFO] Copying 0 resource from src/main/resources to target/classes
[INFO] 
[INFO] --- compiler:3.14.1:compile (default-compile) @ config-server ---
[INFO] Nothing to compile - all classes are up to date.
[INFO] 
[INFO] --- resources:3.3.1:testResources (default-testResources) @ config-server ---
[INFO] skip non existing resourceDirectory /Users/anass/Documents/microservice_sprotif/services/config-server/src/test/resources
[INFO] 
[INFO] --- compiler:3.14.1:testCompile (default-testCompile) @ config-server ---
[INFO] No sources to compile
[INFO] 
[INFO] <<< spring-boot:3.5.10:run (default-cli) < test-compile @ config-server <<<
[INFO] 
[INFO] 
[INFO] --- spring-boot:3.5.10:run (default-cli) @ config-server ---
[INFO] Attaching agents: []

  .   ____          _            __ _ _
 /\\ / ___'_ __ _ _(_)_ __  __ _ \ \ \ \
( ( )\___ | '_ | '_| | '_ \/ _` | \ \ \ \
 \\/  ___)| |_)| | | | | || (_| |  ) ) ) )
  '  |____| .__|_| |_|_| |_\__, | / / / /
 =========|_|==============|___/=/_/_/_/

 :: Spring Boot ::               (v3.5.10)

2026-02-13T03:09:05.339+01:00  INFO 91610 --- [config-server] [  restartedMain] c.s.config.ConfigServerApplication       : Starting ConfigServerApplication using Java 25.0.1 with PID 91610 (/Users/anass/Documents/microservice_sprotif/services/config-server/target/classes started by anass in /Users/anass/Documents/microservice_sprotif/services/config-server)
2026-02-13T03:09:05.339+01:00  INFO 91610 --- [config-server] [  restartedMain] c.s.config.ConfigServerApplication       : The following 1 profile is active: "native"
2026-02-13T03:09:05.353+01:00  INFO 91610 --- [config-server] [  restartedMain] .e.DevToolsPropertyDefaultsPostProcessor : Devtools property defaults active! Set 'spring.devtools.add-properties' to 'false' to disable
2026-02-13T03:09:05.353+01:00  INFO 91610 --- [config-server] [  restartedMain] .e.DevToolsPropertyDefaultsPostProcessor : For additional web related logging consider setting the 'logging.level.web' property to 'DEBUG'
2026-02-13T03:09:05.657+01:00  INFO 91610 --- [config-server] [  restartedMain] o.s.cloud.context.scope.GenericScope     : BeanFactory id=16cce8c8-1409-3459-a623-7902609d2471
2026-02-13T03:09:05.782+01:00  INFO 91610 --- [config-server] [  restartedMain] o.s.b.w.embedded.tomcat.TomcatWebServer  : Tomcat initialized with port 8888 (http)
2026-02-13T03:09:05.787+01:00  INFO 91610 --- [config-server] [  restartedMain] o.apache.catalina.core.StandardService   : Starting service [Tomcat]
2026-02-13T03:09:05.787+01:00  INFO 91610 --- [config-server] [  restartedMain] o.apache.catalina.core.StandardEngine    : Starting Servlet engine: [Apache Tomcat/10.1.50]
2026-02-13T03:09:05.800+01:00  INFO 91610 --- [config-server] [  restartedMain] o.a.c.c.C.[Tomcat].[localhost].[/]       : Initializing Spring embedded WebApplicationContext
2026-02-13T03:09:05.800+01:00  INFO 91610 --- [config-server] [  restartedMain] w.s.c.ServletWebServerApplicationContext : Root WebApplicationContext: initialization completed in 446 ms
2026-02-13T03:09:06.068+01:00  WARN 91610 --- [config-server] [  restartedMain] o.s.b.d.a.OptionalLiveReloadServer       : Unable to start LiveReload server
2026-02-13T03:09:06.076+01:00  INFO 91610 --- [config-server] [  restartedMain] DiscoveryClientOptionalArgsConfiguration : Eureka HTTP Client uses RestTemplate.
2026-02-13T03:09:06.114+01:00  WARN 91610 --- [config-server] [  restartedMain] iguration$LoadBalancerCaffeineWarnLogger : Spring Cloud LoadBalancer is currently working with the default cache. While this cache implementation is useful for development and tests, it's recommended to use Caffeine cache in production.You can switch to using Caffeine cache, by adding it and org.springframework.cache.caffeine.CaffeineCacheManager to the classpath.
2026-02-13T03:09:06.116+01:00  INFO 91610 --- [config-server] [  restartedMain] o.s.b.a.e.web.EndpointLinksResolver      : Exposing 4 endpoints beneath base path '/actuator'
2026-02-13T03:09:06.131+01:00  INFO 91610 --- [config-server] [  restartedMain] o.s.c.n.eureka.InstanceInfoFactory       : Setting initial instance status as: STARTING
2026-02-13T03:09:06.138+01:00  INFO 91610 --- [config-server] [  restartedMain] com.netflix.discovery.DiscoveryClient    : Initializing Eureka in region us-east-1
2026-02-13T03:09:06.139+01:00  INFO 91610 --- [config-server] [  restartedMain] c.n.d.s.r.aws.ConfigClusterResolver      : Resolving eureka endpoints via configuration
2026-02-13T03:09:06.141+01:00  INFO 91610 --- [config-server] [  restartedMain] com.netflix.discovery.DiscoveryClient    : Disable delta property : false
2026-02-13T03:09:06.141+01:00  INFO 91610 --- [config-server] [  restartedMain] com.netflix.discovery.DiscoveryClient    : Single vip registry refresh property : null
2026-02-13T03:09:06.141+01:00  INFO 91610 --- [config-server] [  restartedMain] com.netflix.discovery.DiscoveryClient    : Force full registry fetch : false
2026-02-13T03:09:06.141+01:00  INFO 91610 --- [config-server] [  restartedMain] com.netflix.discovery.DiscoveryClient    : Application is null : false
2026-02-13T03:09:06.141+01:00  INFO 91610 --- [config-server] [  restartedMain] com.netflix.discovery.DiscoveryClient    : Registered Applications size is zero : true
2026-02-13T03:09:06.141+01:00  INFO 91610 --- [config-server] [  restartedMain] com.netflix.discovery.DiscoveryClient    : Application version is -1: true
2026-02-13T03:09:06.141+01:00  INFO 91610 --- [config-server] [  restartedMain] com.netflix.discovery.DiscoveryClient    : Getting all instance registry info from the eureka server
2026-02-13T03:09:06.237+01:00  INFO 91610 --- [config-server] [  restartedMain] com.netflix.discovery.DiscoveryClient    : The response status is 200
2026-02-13T03:09:06.237+01:00  INFO 91610 --- [config-server] [  restartedMain] com.netflix.discovery.DiscoveryClient    : Starting heartbeat executor: renew interval is: 30
2026-02-13T03:09:06.238+01:00  INFO 91610 --- [config-server] [  restartedMain] c.n.discovery.InstanceInfoReplicator     : InstanceInfoReplicator onDemand update allowed rate per min is 4
2026-02-13T03:09:06.238+01:00  INFO 91610 --- [config-server] [  restartedMain] com.netflix.discovery.DiscoveryClient    : Discovery Client initialized at timestamp 1770948546238 with initial instances count: 3
2026-02-13T03:09:06.239+01:00  INFO 91610 --- [config-server] [  restartedMain] o.s.c.n.e.s.EurekaServiceRegistry        : Registering application CONFIG-SERVER with eureka with status UP
2026-02-13T03:09:06.239+01:00  INFO 91610 --- [config-server] [  restartedMain] com.netflix.discovery.DiscoveryClient    : Saw local status change event StatusChangeEvent [timestamp=1770948546239, current=UP, previous=STARTING]
2026-02-13T03:09:06.239+01:00  INFO 91610 --- [config-server] [foReplicator-%d] com.netflix.discovery.DiscoveryClient    : DiscoveryClient_CONFIG-SERVER/192.168.1.11:config-server:8888: registering service...
2026-02-13T03:09:06.243+01:00  INFO 91610 --- [config-server] [  restartedMain] o.s.b.w.embedded.tomcat.TomcatWebServer  : Tomcat started on port 8888 (http) with context path '/'
2026-02-13T03:09:06.244+01:00  INFO 91610 --- [config-server] [  restartedMain] .s.c.n.e.s.EurekaAutoServiceRegistration : Updating port to 8888
2026-02-13T03:09:06.249+01:00  INFO 91610 --- [config-server] [foReplicator-%d] com.netflix.discovery.DiscoveryClient    : DiscoveryClient_CONFIG-SERVER/192.168.1.11:config-server:8888 - registration status: 204
2026-02-13T03:09:06.253+01:00  INFO 91610 --- [config-server] [  restartedMain] c.s.config.ConfigServerApplication       : Started ConfigServerApplication in 1.045 seconds (process running for 1.292)
2026-02-13T03:09:14.311+01:00  INFO 91610 --- [config-server] [nio-8888-exec-1] o.a.c.c.C.[Tomcat].[localhost].[/]       : Initializing Spring DispatcherServlet 'dispatcherServlet'
2026-02-13T03:09:14.312+01:00  INFO 91610 --- [config-server] [nio-8888-exec-1] o.s.web.servlet.DispatcherServlet        : Initializing Servlet 'dispatcherServlet'
2026-02-13T03:09:14.312+01:00  INFO 91610 --- [config-server] [nio-8888-exec-1] o.s.web.servlet.DispatcherServlet        : Completed initialization in 0 ms
2026-02-13T03:09:14.327+01:00  INFO 91610 --- [config-server] [nio-8888-exec-1] o.s.c.c.s.e.NativeEnvironmentRepository  : Adding property source: Config resource 'file [/Users/anass/Documents/microservice_sprotif/services/config-server/configs/api-gateway.yml]' via location 'file:/Users/anass/Documents/microservice_sprotif/services/config-server/configs/'
2026-02-13T03:12:03.282+01:00  INFO 91610 --- [config-server] [nio-8888-exec-3] o.s.c.c.s.e.NativeEnvironmentRepository  : Adding property source: Config resource 'file [/Users/anass/Documents/microservice_sprotif/services/config-server/configs/adherent-service.yml]' via location 'file:/Users/anass/Documents/microservice_sprotif/services/config-server/configs/'
2026-02-13T03:14:06.147+01:00  INFO 91610 --- [config-server] [rap-executor-%d] c.n.d.s.r.aws.ConfigClusterResolver      : Resolving eureka endpoints via configuration
2026-02-13T03:16:28.747+01:00  INFO 91610 --- [config-server] [nio-8888-exec-5] o.s.c.c.s.e.NativeEnvironmentRepository  : Adding property source: Config resource 'file [/Users/anass/Documents/microservice_sprotif/services/config-server/configs/cours-service.yml]' via location 'file:/Users/anass/Documents/microservice_sprotif/services/config-server/configs/'
2026-02-13T03:19:06.152+01:00  INFO 91610 --- [config-server] [rap-executor-%d] c.n.d.s.r.aws.ConfigClusterResolver      : Resolving eureka endpoints via configuration
2026-02-13T03:24:06.159+01:00  INFO 91610 --- [config-server] [rap-executor-%d] c.n.d.s.r.aws.ConfigClusterResolver      : Resolving eureka endpoints via configuration
2026-02-13T03:25:45.320+01:00  INFO 91610 --- [config-server] [nio-8888-exec-9] o.s.c.c.s.e.NativeEnvironmentRepository  : Adding property source: Config resource 'file [/Users/anass/Documents/microservice_sprotif/services/config-server/configs/adherent-service.yml]' via location 'file:/Users/anass/Documents/microservice_sprotif/services/config-server/configs/'
2026-02-13T03:29:06.164+01:00  INFO 91610 --- [config-server] [rap-executor-%d] c.n.d.s.r.aws.ConfigClusterResolver      : Resolving eureka endpoints via configuration
2026-02-13T03:34:06.172+01:00  INFO 91610 --- [config-server] [rap-executor-%d] c.n.d.s.r.aws.ConfigClusterResolver      : Resolving eureka endpoints via configuration
2026-02-13T03:34:42.010+01:00  INFO 91610 --- [config-server] [nio-8888-exec-1] o.s.c.c.s.e.NativeEnvironmentRepository  : Adding property source: Config resource 'file [/Users/anass/Documents/microservice_sprotif/services/config-server/configs/adherent-service.yml]' via location 'file:/Users/anass/Documents/microservice_sprotif/services/config-server/configs/'
2026-02-13T03:34:48.956+01:00  INFO 91610 --- [config-server] [nio-8888-exec-2] o.s.c.c.s.e.NativeEnvironmentRepository  : Adding property source: Config resource 'file [/Users/anass/Documents/microservice_sprotif/services/config-server/configs/user-service.yml]' via location 'file:/Users/anass/Documents/microservice_sprotif/services/config-server/configs/'
2026-02-13T03:35:47.295+01:00  INFO 91610 --- [config-server] [nio-8888-exec-4] o.s.c.c.s.e.NativeEnvironmentRepository  : Adding property source: Config resource 'file [/Users/anass/Documents/microservice_sprotif/services/config-server/configs/api-gateway.yml]' via location 'file:/Users/anass/Documents/microservice_sprotif/services/config-server/configs/'
2026-02-13T03:37:45.386+01:00  INFO 91610 --- [config-server] [nio-8888-exec-7] o.s.c.c.s.e.NativeEnvironmentRepository  : Adding property source: Config resource 'file [/Users/anass/Documents/microservice_sprotif/services/config-server/configs/adherent-service.yml]' via location 'file:/Users/anass/Documents/microservice_sprotif/services/config-server/configs/'
2026-02-13T03:38:06.786+01:00  INFO 91610 --- [config-server] [beatExecutor-%d] com.netflix.discovery.DiscoveryClient    : DiscoveryClient_CONFIG-SERVER/192.168.1.11:config-server:8888 - Re-registering apps/CONFIG-SERVER
2026-02-13T03:38:06.786+01:00  INFO 91610 --- [config-server] [beatExecutor-%d] com.netflix.discovery.DiscoveryClient    : DiscoveryClient_CONFIG-SERVER/192.168.1.11:config-server:8888: registering service...
2026-02-13T03:38:06.789+01:00  INFO 91610 --- [config-server] [beatExecutor-%d] com.netflix.discovery.DiscoveryClient    : DiscoveryClient_CONFIG-SERVER/192.168.1.11:config-server:8888 - registration status: 204
2026-02-13T03:39:06.181+01:00  INFO 91610 --- [config-server] [rap-executor-%d] c.n.d.s.r.aws.ConfigClusterResolver      : Resolving eureka endpoints via configuration
2026-02-13T03:39:26.502+01:00  INFO 91610 --- [config-server] [nio-8888-exec-9] o.s.c.c.s.e.NativeEnvironmentRepository  : Adding property source: Config resource 'file [/Users/anass/Documents/microservice_sprotif/services/config-server/configs/adherent-service.yml]' via location 'file:/Users/anass/Documents/microservice_sprotif/services/config-server/configs/'
2026-02-13T03:39:39.545+01:00  INFO 91610 --- [config-server] [io-8888-exec-10] o.s.c.c.s.e.NativeEnvironmentRepository  : Adding property source: Config resource 'file [/Users/anass/Documents/microservice_sprotif/services/config-server/configs/user-service.yml]' via location 'file:/Users/anass/Documents/microservice_sprotif/services/config-server/configs/'
2026-02-13T03:43:20.309+01:00  INFO 91610 --- [config-server] [nio-8888-exec-3] o.s.c.c.s.e.NativeEnvironmentRepository  : Adding property source: Config resource 'file [/Users/anass/Documents/microservice_sprotif/services/config-server/configs/adherent-service.yml]' via location 'file:/Users/anass/Documents/microservice_sprotif/services/config-server/configs/'
2026-02-13T03:43:36.875+01:00  INFO 91610 --- [config-server] [beatExecutor-%d] com.netflix.discovery.DiscoveryClient    : DiscoveryClient_CONFIG-SERVER/192.168.1.11:config-server:8888 - Re-registering apps/CONFIG-SERVER
2026-02-13T03:43:36.875+01:00  INFO 91610 --- [config-server] [beatExecutor-%d] com.netflix.discovery.DiscoveryClient    : DiscoveryClient_CONFIG-SERVER/192.168.1.11:config-server:8888: registering service...
2026-02-13T03:43:36.876+01:00  INFO 91610 --- [config-server] [beatExecutor-%d] com.netflix.discovery.DiscoveryClient    : DiscoveryClient_CONFIG-SERVER/192.168.1.11:config-server:8888 - registration status: 204
2026-02-13T03:44:06.189+01:00  INFO 91610 --- [config-server] [rap-executor-%d] c.n.d.s.r.aws.ConfigClusterResolver      : Resolving eureka endpoints via configuration
2026-02-13T03:44:09.843+01:00  INFO 91610 --- [config-server] [nio-8888-exec-5] o.s.c.c.s.e.NativeEnvironmentRepository  : Adding property source: Config resource 'file [/Users/anass/Documents/microservice_sprotif/services/config-server/configs/user-service.yml]' via location 'file:/Users/anass/Documents/microservice_sprotif/services/config-server/configs/'
2026-02-13T03:44:47.431+01:00  INFO 91610 --- [config-server] [nio-8888-exec-7] o.s.c.c.s.e.NativeEnvironmentRepository  : Adding property source: Config resource 'file [/Users/anass/Documents/microservice_sprotif/services/config-server/configs/user-service.yml]' via location 'file:/Users/anass/Documents/microservice_sprotif/services/config-server/configs/'
2026-02-13T03:48:33.050+01:00  INFO 91610 --- [config-server] [nio-8888-exec-9] o.s.c.c.s.e.NativeEnvironmentRepository  : Adding property source: Config resource 'file [/Users/anass/Documents/microservice_sprotif/services/config-server/configs/adherent-service.yml]' via location 'file:/Users/anass/Documents/microservice_sprotif/services/config-server/configs/'
2026-02-13T03:48:36.978+01:00  INFO 91610 --- [config-server] [beatExecutor-%d] com.netflix.discovery.DiscoveryClient    : DiscoveryClient_CONFIG-SERVER/192.168.1.11:config-server:8888 - Re-registering apps/CONFIG-SERVER
2026-02-13T03:48:36.978+01:00  INFO 91610 --- [config-server] [beatExecutor-%d] com.netflix.discovery.DiscoveryClient    : DiscoveryClient_CONFIG-SERVER/192.168.1.11:config-server:8888: registering service...
2026-02-13T03:48:36.981+01:00  INFO 91610 --- [config-server] [beatExecutor-%d] com.netflix.discovery.DiscoveryClient    : DiscoveryClient_CONFIG-SERVER/192.168.1.11:config-server:8888 - registration status: 204
2026-02-13T03:48:45.442+01:00  INFO 91610 --- [config-server] [io-8888-exec-10] o.s.c.c.s.e.NativeEnvironmentRepository  : Adding property source: Config resource 'file [/Users/anass/Documents/microservice_sprotif/services/config-server/configs/api-gateway.yml]' via location 'file:/Users/anass/Documents/microservice_sprotif/services/config-server/configs/'
2026-02-13T03:49:06.195+01:00  INFO 91610 --- [config-server] [rap-executor-%d] c.n.d.s.r.aws.ConfigClusterResolver      : Resolving eureka endpoints via configuration
2026-02-13T03:50:17.168+01:00  INFO 91610 --- [config-server] [ionShutdownHook] o.s.c.n.e.s.EurekaServiceRegistry        : Unregistering application CONFIG-SERVER with eureka with status DOWN
2026-02-13T03:50:17.193+01:00  INFO 91610 --- [config-server] [ionShutdownHook] com.netflix.discovery.DiscoveryClient    : Saw local status change event StatusChangeEvent [timestamp=1770951017193, current=DOWN, previous=UP]
2026-02-13T03:50:17.203+01:00  INFO 91610 --- [config-server] [foReplicator-%d] com.netflix.discovery.DiscoveryClient    : DiscoveryClient_CONFIG-SERVER/192.168.1.11:config-server:8888: registering service...
2026-02-13T03:50:17.211+01:00  INFO 91610 --- [config-server] [ionShutdownHook] o.s.b.w.e.tomcat.GracefulShutdown        : Commencing graceful shutdown. Waiting for active requests to complete
2026-02-13T03:50:17.224+01:00  INFO 91610 --- [config-server] [foReplicator-%d] com.netflix.discovery.DiscoveryClient    : DiscoveryClient_CONFIG-SERVER/192.168.1.11:config-server:8888 - registration status: 204
2026-02-13T03:50:17.226+01:00  INFO 91610 --- [config-server] [tomcat-shutdown] o.s.b.w.e.tomcat.GracefulShutdown        : Graceful shutdown complete
2026-02-13T03:50:17.240+01:00  INFO 91610 --- [config-server] [ionShutdownHook] com.netflix.discovery.DiscoveryClient    : Shutting down DiscoveryClient ...
2026-02-13T03:50:20.246+01:00  INFO 91610 --- [config-server] [ionShutdownHook] com.netflix.discovery.DiscoveryClient    : Unregistering ...
2026-02-13T03:50:20.255+01:00  INFO 91610 --- [config-server] [ionShutdownHook] com.netflix.discovery.DiscoveryClient    : DiscoveryClient_CONFIG-SERVER/192.168.1.11:config-server:8888 - deregister  status: 200
2026-02-13T03:50:20.255+01:00  INFO 91610 --- [config-server] [ionShutdownHook] com.netflix.discovery.DiscoveryClient    : Completed shut down of DiscoveryClient
