[INFO] Scanning for projects...
[INFO] 
[INFO] ---------------------< com.sprotif:config-server >----------------------
[INFO] Building Config Server 3.5.10
[INFO]   from pom.xml
[INFO] --------------------------------[ jar ]---------------------------------
[INFO] 
[INFO] >>> spring-boot:3.5.10:run (default-cli) > test-compile @ config-server >>>
[INFO] 
[INFO] --- resources:3.3.1:resources (default-resources) @ config-server ---
[INFO] Copying 1 resource from src/main/resources to target/classes
[INFO] Copying 0 resource from src/main/resources to target/classes
[INFO] 
[INFO] --- compiler:3.14.1:compile (default-compile) @ config-server ---
[INFO] Nothing to compile - all classes are up to date.
[INFO] 
[INFO] --- resources:3.3.1:testResources (default-testResources) @ config-server ---
[INFO] skip non existing resourceDirectory /Users/anass/Documents/microservice_sprotif/services/config-server/src/test/resources
[INFO] 
[INFO] --- compiler:3.14.1:testCompile (default-testCompile) @ config-server ---
[INFO] No sources to compile
[INFO] 
[INFO] <<< spring-boot:3.5.10:run (default-cli) < test-compile @ config-server <<<
[INFO] 
[INFO] 
[INFO] --- spring-boot:3.5.10:run (default-cli) @ config-server ---
[INFO] Attaching agents: []

  .   ____          _            __ _ _
 /\\ / ___'_ __ _ _(_)_ __  __ _ \ \ \ \
( ( )\___ | '_ | '_| | '_ \/ _` | \ \ \ \
 \\/  ___)| |_)| | | | | || (_| |  ) ) ) )
  '  |____| .__|_| |_|_| |_\__, | / / / /
 =========|_|==============|___/=/_/_/_/

 :: Spring Boot ::               (v3.5.10)

2026-02-12T23:58:56.004+01:00  INFO 13045 --- [config-server] [  restartedMain] c.s.config.ConfigServerApplication       : Starting ConfigServerApplication using Java 25.0.1 with PID 13045 (/Users/anass/Documents/microservice_sprotif/services/config-server/target/classes started by anass in /Users/anass/Documents/microservice_sprotif/services/config-server)
2026-02-12T23:58:56.005+01:00  INFO 13045 --- [config-server] [  restartedMain] c.s.config.ConfigServerApplication       : The following 1 profile is active: "native"
2026-02-12T23:58:56.019+01:00  INFO 13045 --- [config-server] [  restartedMain] .e.DevToolsPropertyDefaultsPostProcessor : Devtools property defaults active! Set 'spring.devtools.add-properties' to 'false' to disable
2026-02-12T23:58:56.019+01:00  INFO 13045 --- [config-server] [  restartedMain] .e.DevToolsPropertyDefaultsPostProcessor : For additional web related logging consider setting the 'logging.level.web' property to 'DEBUG'
2026-02-12T23:58:56.304+01:00  INFO 13045 --- [config-server] [  restartedMain] o.s.cloud.context.scope.GenericScope     : BeanFactory id=16cce8c8-1409-3459-a623-7902609d2471
2026-02-12T23:58:56.426+01:00  INFO 13045 --- [config-server] [  restartedMain] o.s.b.w.embedded.tomcat.TomcatWebServer  : Tomcat initialized with port 8888 (http)
2026-02-12T23:58:56.431+01:00  INFO 13045 --- [config-server] [  restartedMain] o.apache.catalina.core.StandardService   : Starting service [Tomcat]
2026-02-12T23:58:56.431+01:00  INFO 13045 --- [config-server] [  restartedMain] o.apache.catalina.core.StandardEngine    : Starting Servlet engine: [Apache Tomcat/10.1.50]
2026-02-12T23:58:56.442+01:00  INFO 13045 --- [config-server] [  restartedMain] o.a.c.c.C.[Tomcat].[localhost].[/]       : Initializing Spring embedded WebApplicationContext
2026-02-12T23:58:56.442+01:00  INFO 13045 --- [config-server] [  restartedMain] w.s.c.ServletWebServerApplicationContext : Root WebApplicationContext: initialization completed in 423 ms
2026-02-12T23:58:56.712+01:00  WARN 13045 --- [config-server] [  restartedMain] o.s.b.d.a.OptionalLiveReloadServer       : Unable to start LiveReload server
2026-02-12T23:58:56.721+01:00  INFO 13045 --- [config-server] [  restartedMain] DiscoveryClientOptionalArgsConfiguration : Eureka HTTP Client uses RestTemplate.
2026-02-12T23:58:56.766+01:00  WARN 13045 --- [config-server] [  restartedMain] iguration$LoadBalancerCaffeineWarnLogger : Spring Cloud LoadBalancer is currently working with the default cache. While this cache implementation is useful for development and tests, it's recommended to use Caffeine cache in production.You can switch to using Caffeine cache, by adding it and org.springframework.cache.caffeine.CaffeineCacheManager to the classpath.
2026-02-12T23:58:56.769+01:00  INFO 13045 --- [config-server] [  restartedMain] o.s.b.a.e.web.EndpointLinksResolver      : Exposing 4 endpoints beneath base path '/actuator'
2026-02-12T23:58:56.787+01:00  INFO 13045 --- [config-server] [  restartedMain] o.s.c.n.eureka.InstanceInfoFactory       : Setting initial instance status as: STARTING
2026-02-12T23:58:56.794+01:00  INFO 13045 --- [config-server] [  restartedMain] com.netflix.discovery.DiscoveryClient    : Initializing Eureka in region us-east-1
2026-02-12T23:58:56.795+01:00  INFO 13045 --- [config-server] [  restartedMain] c.n.d.s.r.aws.ConfigClusterResolver      : Resolving eureka endpoints via configuration
2026-02-12T23:58:56.797+01:00  INFO 13045 --- [config-server] [  restartedMain] com.netflix.discovery.DiscoveryClient    : Disable delta property : false
2026-02-12T23:58:56.797+01:00  INFO 13045 --- [config-server] [  restartedMain] com.netflix.discovery.DiscoveryClient    : Single vip registry refresh property : null
2026-02-12T23:58:56.797+01:00  INFO 13045 --- [config-server] [  restartedMain] com.netflix.discovery.DiscoveryClient    : Force full registry fetch : false
2026-02-12T23:58:56.797+01:00  INFO 13045 --- [config-server] [  restartedMain] com.netflix.discovery.DiscoveryClient    : Application is null : false
2026-02-12T23:58:56.797+01:00  INFO 13045 --- [config-server] [  restartedMain] com.netflix.discovery.DiscoveryClient    : Registered Applications size is zero : true
2026-02-12T23:58:56.797+01:00  INFO 13045 --- [config-server] [  restartedMain] com.netflix.discovery.DiscoveryClient    : Application version is -1: true
2026-02-12T23:58:56.797+01:00  INFO 13045 --- [config-server] [  restartedMain] com.netflix.discovery.DiscoveryClient    : Getting all instance registry info from the eureka server
2026-02-12T23:58:56.924+01:00  INFO 13045 --- [config-server] [  restartedMain] com.netflix.discovery.DiscoveryClient    : The response status is 200
2026-02-12T23:58:56.924+01:00  INFO 13045 --- [config-server] [  restartedMain] com.netflix.discovery.DiscoveryClient    : Starting heartbeat executor: renew interval is: 30
2026-02-12T23:58:56.925+01:00  INFO 13045 --- [config-server] [  restartedMain] c.n.discovery.InstanceInfoReplicator     : InstanceInfoReplicator onDemand update allowed rate per min is 4
2026-02-12T23:58:56.925+01:00  INFO 13045 --- [config-server] [  restartedMain] com.netflix.discovery.DiscoveryClient    : Discovery Client initialized at timestamp 1770937136925 with initial instances count: 5
2026-02-12T23:58:56.926+01:00  INFO 13045 --- [config-server] [  restartedMain] o.s.c.n.e.s.EurekaServiceRegistry        : Registering application CONFIG-SERVER with eureka with status UP
2026-02-12T23:58:56.926+01:00  INFO 13045 --- [config-server] [  restartedMain] com.netflix.discovery.DiscoveryClient    : Saw local status change event StatusChangeEvent [timestamp=1770937136926, current=UP, previous=STARTING]
2026-02-12T23:58:56.926+01:00  INFO 13045 --- [config-server] [foReplicator-%d] com.netflix.discovery.DiscoveryClient    : DiscoveryClient_CONFIG-SERVER/192.168.1.11:config-server:8888: registering service...
2026-02-12T23:58:56.928+01:00  INFO 13045 --- [config-server] [  restartedMain] o.s.c.n.e.s.EurekaServiceRegistry        : Unregistering application CONFIG-SERVER with eureka with status DOWN
2026-02-12T23:58:56.928+01:00  INFO 13045 --- [config-server] [  restartedMain] com.netflix.discovery.DiscoveryClient    : Saw local status change event StatusChangeEvent [timestamp=1770937136928, current=DOWN, previous=UP]
2026-02-12T23:58:56.928+01:00  WARN 13045 --- [config-server] [  restartedMain] ConfigServletWebServerApplicationContext : Exception encountered during context initialization - cancelling refresh attempt: org.springframework.context.ApplicationContextException: Failed to start bean 'webServerStartStop'
2026-02-12T23:58:56.930+01:00  INFO 13045 --- [config-server] [  restartedMain] com.netflix.discovery.DiscoveryClient    : Shutting down DiscoveryClient ...
2026-02-12T23:58:56.938+01:00  INFO 13045 --- [config-server] [foReplicator-%d] com.netflix.discovery.DiscoveryClient    : DiscoveryClient_CONFIG-SERVER/192.168.1.11:config-server:8888 - registration status: 204
2026-02-12T23:58:56.938+01:00  INFO 13045 --- [config-server] [foReplicator-%d] com.netflix.discovery.DiscoveryClient    : DiscoveryClient_CONFIG-SERVER/192.168.1.11:config-server:8888: registering service...
2026-02-12T23:58:56.939+01:00  INFO 13045 --- [config-server] [foReplicator-%d] com.netflix.discovery.DiscoveryClient    : DiscoveryClient_CONFIG-SERVER/192.168.1.11:config-server:8888 - registration status: 204
2026-02-12T23:58:56.939+01:00  INFO 13045 --- [config-server] [  restartedMain] com.netflix.discovery.DiscoveryClient    : Unregistering ...
2026-02-12T23:58:56.940+01:00  INFO 13045 --- [config-server] [  restartedMain] com.netflix.discovery.DiscoveryClient    : DiscoveryClient_CONFIG-SERVER/192.168.1.11:config-server:8888 - deregister  status: 200
2026-02-12T23:58:56.940+01:00  INFO 13045 --- [config-server] [  restartedMain] com.netflix.discovery.DiscoveryClient    : Completed shut down of DiscoveryClient
2026-02-12T23:58:56.948+01:00  INFO 13045 --- [config-server] [  restartedMain] .s.b.a.l.ConditionEvaluationReportLogger : 

Error starting ApplicationContext. To display the condition evaluation report re-run your application with 'debug' enabled.
2026-02-12T23:58:56.955+01:00 ERROR 13045 --- [config-server] [  restartedMain] o.s.b.d.LoggingFailureAnalysisReporter   : 

***************************
APPLICATION FAILED TO START
***************************

Description:

Web server failed to start. Port 8888 was already in use.

Action:

Identify and stop the process that's listening on port 8888 or configure this application to listen on another port.

[INFO] ------------------------------------------------------------------------
[INFO] BUILD SUCCESS
[INFO] ------------------------------------------------------------------------
[INFO] Total time:  1.703 s
[INFO] Finished at: 2026-02-12T23:58:56+01:00
[INFO] ------------------------------------------------------------------------
