[INFO] Scanning for projects...
[INFO] 
[INFO] ----------------------< com.example:user-service >----------------------
[INFO] Building user-service 0.0.1-SNAPSHOT
[INFO]   from pom.xml
[INFO] --------------------------------[ jar ]---------------------------------
[INFO] 
[INFO] >>> spring-boot:3.5.10:run (default-cli) > test-compile @ user-service >>>
[INFO] 
[INFO] --- resources:3.3.1:resources (default-resources) @ user-service ---
[INFO] Copying 1 resource from src/main/resources to target/classes
[INFO] Copying 1 resource from src/main/resources to target/classes
[INFO] 
[INFO] --- compiler:3.14.1:compile (default-compile) @ user-service ---
[INFO] Recompiling the module because of added or removed source files.
[INFO] Compiling 16 source files with javac [debug parameters release 17] to target/classes
[INFO] 
[INFO] --- resources:3.3.1:testResources (default-testResources) @ user-service ---
[INFO] skip non existing resourceDirectory /Users/anass/Documents/microservice_sprotif/services/user-service/src/test/resources
[INFO] 
[INFO] --- compiler:3.14.1:testCompile (default-testCompile) @ user-service ---
[INFO] No sources to compile
[INFO] 
[INFO] <<< spring-boot:3.5.10:run (default-cli) < test-compile @ user-service <<<
[INFO] 
[INFO] 
[INFO] --- spring-boot:3.5.10:run (default-cli) @ user-service ---
[INFO] Attaching agents: []

  .   ____          _            __ _ _
 /\\ / ___'_ __ _ _(_)_ __  __ _ \ \ \ \
( ( )\___ | '_ | '_| | '_ \/ _` | \ \ \ \
 \\/  ___)| |_)| | | | | || (_| |  ) ) ) )
  '  |____| .__|_| |_|_| |_\__, | / / / /
 =========|_|==============|___/=/_/_/_/

 :: Spring Boot ::               (v3.5.10)

2026-02-13T03:44:47.399+01:00  INFO 22381 --- [user-service] [           main] c.c.c.ConfigServicePropertySourceLocator : Fetching config from server at : http://localhost:8888
2026-02-13T03:44:47.441+01:00  INFO 22381 --- [user-service] [           main] c.c.c.ConfigServicePropertySourceLocator : Located environment: name=user-service, profiles=[default], label=null, version=null, state=null
2026-02-13T03:44:47.442+01:00  INFO 22381 --- [user-service] [           main] b.c.PropertySourceBootstrapConfiguration : Located property source: [BootstrapPropertySource {name='bootstrapProperties-configClient'}, BootstrapPropertySource {name='bootstrapProperties-file:/Users/anass/Documents/microservice_sprotif/services/config-server/configs/user-service.yml'}]
2026-02-13T03:44:47.444+01:00  INFO 22381 --- [user-service] [           main] c.e.userservice.UserServiceApplication   : No active profile set, falling back to 1 default profile: "default"
2026-02-13T03:44:47.606+01:00  INFO 22381 --- [user-service] [           main] .s.d.r.c.RepositoryConfigurationDelegate : Bootstrapping Spring Data JPA repositories in DEFAULT mode.
2026-02-13T03:44:47.646+01:00  INFO 22381 --- [user-service] [           main] .s.d.r.c.RepositoryConfigurationDelegate : Finished Spring Data repository scanning in 36 ms. Found 2 JPA repository interfaces.
2026-02-13T03:44:47.708+01:00  INFO 22381 --- [user-service] [           main] o.s.cloud.context.scope.GenericScope     : BeanFactory id=84eee501-510b-32b2-b981-c4ff6eef3255
2026-02-13T03:44:47.823+01:00  INFO 22381 --- [user-service] [           main] o.s.b.w.embedded.tomcat.TomcatWebServer  : Tomcat initialized with port 8083 (http)
2026-02-13T03:44:47.827+01:00  INFO 22381 --- [user-service] [           main] o.apache.catalina.core.StandardService   : Starting service [Tomcat]
2026-02-13T03:44:47.827+01:00  INFO 22381 --- [user-service] [           main] o.apache.catalina.core.StandardEngine    : Starting Servlet engine: [Apache Tomcat/10.1.50]
2026-02-13T03:44:47.848+01:00  INFO 22381 --- [user-service] [           main] o.a.c.c.C.[Tomcat].[localhost].[/]       : Initializing Spring embedded WebApplicationContext
2026-02-13T03:44:47.848+01:00  INFO 22381 --- [user-service] [           main] w.s.c.ServletWebServerApplicationContext : Root WebApplicationContext: initialization completed in 401 ms
2026-02-13T03:44:47.910+01:00  INFO 22381 --- [user-service] [           main] o.hibernate.jpa.internal.util.LogHelper  : HHH000204: Processing PersistenceUnitInfo [name: default]
2026-02-13T03:44:47.926+01:00  INFO 22381 --- [user-service] [           main] org.hibernate.Version                    : HHH000412: Hibernate ORM core version 6.6.41.Final
2026-02-13T03:44:47.936+01:00  INFO 22381 --- [user-service] [           main] o.h.c.internal.RegionFactoryInitiator    : HHH000026: Second-level cache disabled
2026-02-13T03:44:48.013+01:00  INFO 22381 --- [user-service] [           main] o.s.o.j.p.SpringPersistenceUnitInfo      : No LoadTimeWeaver setup: ignoring JPA class transformer
2026-02-13T03:44:48.023+01:00  INFO 22381 --- [user-service] [           main] com.zaxxer.hikari.HikariDataSource       : HikariPool-1 - Starting...
2026-02-13T03:44:48.118+01:00  INFO 22381 --- [user-service] [           main] com.zaxxer.hikari.pool.HikariPool        : HikariPool-1 - Added connection org.postgresql.jdbc.PgConnection@146fa9c0
2026-02-13T03:44:48.118+01:00  INFO 22381 --- [user-service] [           main] com.zaxxer.hikari.HikariDataSource       : HikariPool-1 - Start completed.
2026-02-13T03:44:48.130+01:00  WARN 22381 --- [user-service] [           main] org.hibernate.orm.deprecation            : HHH90000025: PostgreSQLDialect does not need to be specified explicitly using 'hibernate.dialect' (remove the property setting and it will be selected by default)
2026-02-13T03:44:48.136+01:00  INFO 22381 --- [user-service] [           main] org.hibernate.orm.connections.pooling    : HHH10001005: Database info:
	Database JDBC URL [Connecting through datasource 'HikariDataSource (HikariPool-1)']
	Database driver: undefined/unknown
	Database version: 18.0
	Autocommit mode: undefined/unknown
	Isolation level: undefined/unknown
	Minimum pool size: undefined/unknown
	Maximum pool size: undefined/unknown
2026-02-13T03:44:48.415+01:00  INFO 22381 --- [user-service] [           main] o.h.e.t.j.p.i.JtaPlatformInitiator       : HHH000489: No JTA platform available (set 'hibernate.transaction.jta.platform' to enable JTA platform integration)
2026-02-13T03:44:48.463+01:00  INFO 22381 --- [user-service] [           main] j.LocalContainerEntityManagerFactoryBean : Initialized JPA EntityManagerFactory for persistence unit 'default'
2026-02-13T03:44:48.592+01:00  WARN 22381 --- [user-service] [           main] JpaBaseConfiguration$JpaWebConfiguration : spring.jpa.open-in-view is enabled by default. Therefore, database queries may be performed during view rendering. Explicitly configure spring.jpa.open-in-view to disable this warning
2026-02-13T03:44:48.690+01:00  WARN 22381 --- [user-service] [           main] .s.s.UserDetailsServiceAutoConfiguration : 

Using generated security password: b29365cc-fd77-45bf-aa7f-8f2d205af33f

This generated password is for development use only. Your security configuration must be updated before running your application in production.

2026-02-13T03:44:48.692+01:00  INFO 22381 --- [user-service] [           main] r$InitializeUserDetailsManagerConfigurer : Global AuthenticationManager configured with UserDetailsService bean with name inMemoryUserDetailsManager
2026-02-13T03:44:48.838+01:00  INFO 22381 --- [user-service] [           main] DiscoveryClientOptionalArgsConfiguration : Eureka HTTP Client uses RestTemplate.
2026-02-13T03:44:48.851+01:00  WARN 22381 --- [user-service] [           main] iguration$LoadBalancerCaffeineWarnLogger : Spring Cloud LoadBalancer is currently working with the default cache. While this cache implementation is useful for development and tests, it's recommended to use Caffeine cache in production.You can switch to using Caffeine cache, by adding it and org.springframework.cache.caffeine.CaffeineCacheManager to the classpath.
2026-02-13T03:44:48.859+01:00  INFO 22381 --- [user-service] [           main] o.s.c.n.eureka.InstanceInfoFactory       : Setting initial instance status as: STARTING
2026-02-13T03:44:48.866+01:00  INFO 22381 --- [user-service] [           main] com.netflix.discovery.DiscoveryClient    : Initializing Eureka in region us-east-1
2026-02-13T03:44:48.866+01:00  INFO 22381 --- [user-service] [           main] c.n.d.s.r.aws.ConfigClusterResolver      : Resolving eureka endpoints via configuration
2026-02-13T03:44:48.868+01:00  INFO 22381 --- [user-service] [           main] com.netflix.discovery.DiscoveryClient    : Disable delta property : false
2026-02-13T03:44:48.868+01:00  INFO 22381 --- [user-service] [           main] com.netflix.discovery.DiscoveryClient    : Single vip registry refresh property : null
2026-02-13T03:44:48.868+01:00  INFO 22381 --- [user-service] [           main] com.netflix.discovery.DiscoveryClient    : Force full registry fetch : false
2026-02-13T03:44:48.868+01:00  INFO 22381 --- [user-service] [           main] com.netflix.discovery.DiscoveryClient    : Application is null : false
2026-02-13T03:44:48.868+01:00  INFO 22381 --- [user-service] [           main] com.netflix.discovery.DiscoveryClient    : Registered Applications size is zero : true
2026-02-13T03:44:48.868+01:00  INFO 22381 --- [user-service] [           main] com.netflix.discovery.DiscoveryClient    : Application version is -1: true
2026-02-13T03:44:48.868+01:00  INFO 22381 --- [user-service] [           main] com.netflix.discovery.DiscoveryClient    : Getting all instance registry info from the eureka server
2026-02-13T03:44:48.945+01:00  INFO 22381 --- [user-service] [           main] com.netflix.discovery.DiscoveryClient    : The response status is 200
2026-02-13T03:44:48.945+01:00  INFO 22381 --- [user-service] [           main] com.netflix.discovery.DiscoveryClient    : Starting heartbeat executor: renew interval is: 10
2026-02-13T03:44:48.946+01:00  INFO 22381 --- [user-service] [           main] c.n.discovery.InstanceInfoReplicator     : InstanceInfoReplicator onDemand update allowed rate per min is 4
2026-02-13T03:44:48.946+01:00  INFO 22381 --- [user-service] [           main] com.netflix.discovery.DiscoveryClient    : Discovery Client initialized at timestamp 1770950688946 with initial instances count: 6
2026-02-13T03:44:48.949+01:00  INFO 22381 --- [user-service] [           main] o.s.c.n.e.s.EurekaServiceRegistry        : Registering application USER-SERVICE with eureka with status UP
2026-02-13T03:44:48.949+01:00  INFO 22381 --- [user-service] [           main] com.netflix.discovery.DiscoveryClient    : Saw local status change event StatusChangeEvent [timestamp=1770950688949, current=UP, previous=STARTING]
2026-02-13T03:44:48.949+01:00  INFO 22381 --- [user-service] [foReplicator-%d] com.netflix.discovery.DiscoveryClient    : DiscoveryClient_USER-SERVICE/192.168.1.11:user-service:8083: registering service...
2026-02-13T03:44:48.954+01:00  INFO 22381 --- [user-service] [           main] o.s.b.w.embedded.tomcat.TomcatWebServer  : Tomcat started on port 8083 (http) with context path '/'
2026-02-13T03:44:48.954+01:00  INFO 22381 --- [user-service] [           main] .s.c.n.e.s.EurekaAutoServiceRegistration : Updating port to 8083
2026-02-13T03:44:48.960+01:00  INFO 22381 --- [user-service] [foReplicator-%d] com.netflix.discovery.DiscoveryClient    : DiscoveryClient_USER-SERVICE/192.168.1.11:user-service:8083 - registration status: 204
2026-02-13T03:44:48.961+01:00  INFO 22381 --- [user-service] [           main] c.e.userservice.UserServiceApplication   : Started UserServiceApplication in 1.833 seconds (process running for 2.003)
2026-02-13T03:45:20.062+01:00  INFO 22381 --- [user-service] [nio-8083-exec-1] o.a.c.c.C.[Tomcat].[localhost].[/]       : Initializing Spring DispatcherServlet 'dispatcherServlet'
2026-02-13T03:45:20.062+01:00  INFO 22381 --- [user-service] [nio-8083-exec-1] o.s.web.servlet.DispatcherServlet        : Initializing Servlet 'dispatcherServlet'
2026-02-13T03:45:20.062+01:00  INFO 22381 --- [user-service] [nio-8083-exec-1] o.s.web.servlet.DispatcherServlet        : Completed initialization in 0 ms
2026-02-13T03:45:49.085+01:00  INFO 22381 --- [user-service] [nio-8083-exec-2] c.e.u.controller.AdherentSyncController  : Synchronisation de l'adhérent: test@test.com
2026-02-13T03:45:49.087+01:00 ERROR 22381 --- [user-service] [nio-8083-exec-2] c.e.u.controller.AdherentSyncController  : Utilisateur non trouvé pour l'email: test@test.com
2026-02-13T03:46:17.682+01:00  INFO 22381 --- [user-service] [nio-8083-exec-4] c.e.u.controller.AdherentSyncController  : Synchronisation de l'adhérent: sophie.durand@example.com
2026-02-13T03:46:17.683+01:00 ERROR 22381 --- [user-service] [nio-8083-exec-4] c.e.u.controller.AdherentSyncController  : Utilisateur non trouvé pour l'email: sophie.durand@example.com
2026-02-13T03:49:48.875+01:00  INFO 22381 --- [user-service] [rap-executor-%d] c.n.d.s.r.aws.ConfigClusterResolver      : Resolving eureka endpoints via configuration
2026-02-13T03:50:17.167+01:00  INFO 22381 --- [user-service] [ionShutdownHook] o.s.c.n.e.s.EurekaServiceRegistry        : Unregistering application USER-SERVICE with eureka with status DOWN
2026-02-13T03:50:17.193+01:00  INFO 22381 --- [user-service] [ionShutdownHook] com.netflix.discovery.DiscoveryClient    : Saw local status change event StatusChangeEvent [timestamp=1770951017193, current=DOWN, previous=UP]
2026-02-13T03:50:17.203+01:00  INFO 22381 --- [user-service] [foReplicator-%d] com.netflix.discovery.DiscoveryClient    : DiscoveryClient_USER-SERVICE/192.168.1.11:user-service:8083: registering service...
2026-02-13T03:50:17.210+01:00  INFO 22381 --- [user-service] [ionShutdownHook] o.s.b.w.e.tomcat.GracefulShutdown        : Commencing graceful shutdown. Waiting for active requests to complete
2026-02-13T03:50:17.216+01:00  INFO 22381 --- [user-service] [foReplicator-%d] com.netflix.discovery.DiscoveryClient    : DiscoveryClient_USER-SERVICE/192.168.1.11:user-service:8083 - registration status: 204
2026-02-13T03:50:17.216+01:00  INFO 22381 --- [user-service] [tomcat-shutdown] o.s.b.w.e.tomcat.GracefulShutdown        : Graceful shutdown complete
2026-02-13T03:50:17.230+01:00  INFO 22381 --- [user-service] [ionShutdownHook] j.LocalContainerEntityManagerFactoryBean : Closing JPA EntityManagerFactory for persistence unit 'default'
2026-02-13T03:50:17.234+01:00  INFO 22381 --- [user-service] [ionShutdownHook] com.zaxxer.hikari.HikariDataSource       : HikariPool-1 - Shutdown initiated...
2026-02-13T03:50:17.242+01:00  INFO 22381 --- [user-service] [ionShutdownHook] com.zaxxer.hikari.HikariDataSource       : HikariPool-1 - Shutdown completed.
2026-02-13T03:50:17.242+01:00  INFO 22381 --- [user-service] [ionShutdownHook] com.netflix.discovery.DiscoveryClient    : Shutting down DiscoveryClient ...
2026-02-13T03:50:20.248+01:00  INFO 22381 --- [user-service] [ionShutdownHook] com.netflix.discovery.DiscoveryClient    : Unregistering ...
2026-02-13T03:50:20.248+01:00  WARN 22381 --- [user-service] [coveryClient-%d] c.netflix.discovery.TimedSupervisorTask  : task supervisor shutting down, can't accept the task
2026-02-13T03:50:20.261+01:00  INFO 22381 --- [user-service] [ionShutdownHook] com.netflix.discovery.DiscoveryClient    : DiscoveryClient_USER-SERVICE/192.168.1.11:user-service:8083 - deregister  status: 200
2026-02-13T03:50:20.261+01:00  INFO 22381 --- [user-service] [ionShutdownHook] com.netflix.discovery.DiscoveryClient    : Completed shut down of DiscoveryClient
